

Started GET "/posts" for 127.0.0.1 at 2011-03-29 03:19:13 +0200

LoadError (no such file to load -- sqlite3):
  

Rendered /Users/kewagi/.rvm/gems/ruby-1.9.2-p180/gems/actionpack-3.0.5/lib/action_dispatch/middleware/templates/rescues/_trace.erb (1.6ms)
Rendered /Users/kewagi/.rvm/gems/ruby-1.9.2-p180/gems/actionpack-3.0.5/lib/action_dispatch/middleware/templates/rescues/_request_and_response.erb (17.5ms)
Rendered /Users/kewagi/.rvm/gems/ruby-1.9.2-p180/gems/actionpack-3.0.5/lib/action_dispatch/middleware/templates/rescues/diagnostics.erb within rescues/layout (55.5ms)


Started GET "/posts" for 127.0.0.1 at 2011-03-29 03:19:43 +0200

LoadError (no such file to load -- sqlite3):
  

Rendered /Users/kewagi/.rvm/gems/ruby-1.9.2-p180/gems/actionpack-3.0.5/lib/action_dispatch/middleware/templates/rescues/_trace.erb (1.0ms)
Rendered /Users/kewagi/.rvm/gems/ruby-1.9.2-p180/gems/actionpack-3.0.5/lib/action_dispatch/middleware/templates/rescues/_request_and_response.erb (1.2ms)
Rendered /Users/kewagi/.rvm/gems/ruby-1.9.2-p180/gems/actionpack-3.0.5/lib/action_dispatch/middleware/templates/rescues/diagnostics.erb within rescues/layout (7.3ms)


Started GET "/posts" for 127.0.0.1 at 2011-03-29 03:19:57 +0200
DEPRECATION WARNING: Setting filter_parameter_logging in ActionController is deprecated and has no longer effect, please set 'config.filter_parameters' in config/application.rb instead. (called from <class:ApplicationController> at /Users/kewagi/Documents/Code/mindgrind/app/controllers/application_controller.rb:12)
  Processing by PostsController#index as HTML
  [1m[36mPost Load (26.6ms)[0m  [1mSELECT "posts".* FROM "posts"[0m
Completed   in 329ms

TypeError (can't convert nil into Array):
  app/controllers/posts_controller.rb:9:in `index'

Rendered /Users/kewagi/.rvm/gems/ruby-1.9.2-p180/gems/actionpack-3.0.5/lib/action_dispatch/middleware/templates/rescues/_trace.erb (1.6ms)
Rendered /Users/kewagi/.rvm/gems/ruby-1.9.2-p180/gems/actionpack-3.0.5/lib/action_dispatch/middleware/templates/rescues/_request_and_response.erb (3.8ms)
Rendered /Users/kewagi/.rvm/gems/ruby-1.9.2-p180/gems/actionpack-3.0.5/lib/action_dispatch/middleware/templates/rescues/diagnostics.erb within rescues/layout (10.7ms)


Started GET "/posts" for 127.0.0.1 at 2011-03-29 03:19:58 +0200
DEPRECATION WARNING: Setting filter_parameter_logging in ActionController is deprecated and has no longer effect, please set 'config.filter_parameters' in config/application.rb instead. (called from <class:ApplicationController> at /Users/kewagi/Documents/Code/mindgrind/app/controllers/application_controller.rb:12)
  Processing by PostsController#index as HTML
  [1m[35mPost Load (2.1ms)[0m  SELECT "posts".* FROM "posts"
Completed   in 17ms

TypeError (can't convert nil into Array):
  app/controllers/posts_controller.rb:9:in `index'

Rendered /Users/kewagi/.rvm/gems/ruby-1.9.2-p180/gems/actionpack-3.0.5/lib/action_dispatch/middleware/templates/rescues/_trace.erb (1.2ms)
Rendered /Users/kewagi/.rvm/gems/ruby-1.9.2-p180/gems/actionpack-3.0.5/lib/action_dispatch/middleware/templates/rescues/_request_and_response.erb (2.4ms)
Rendered /Users/kewagi/.rvm/gems/ruby-1.9.2-p180/gems/actionpack-3.0.5/lib/action_dispatch/middleware/templates/rescues/diagnostics.erb within rescues/layout (7.3ms)
  [1m[36mSQL (0.7ms)[0m  [1m SELECT name
 FROM sqlite_master
 WHERE type = 'table' AND NOT name = 'sqlite_sequence'
[0m
  [1m[35mSQL (0.3ms)[0m   SELECT name
 FROM sqlite_master
 WHERE type = 'table' AND NOT name = 'sqlite_sequence'
  [1m[36mSQL (0.4ms)[0m  [1mSELECT "schema_migrations"."version" FROM "schema_migrations"[0m
Migrating to CreatePosts (20090813195736)
Migrating to CreateComments (20090813210501)
Migrating to UserSession (20090813235556)
Migrating to CreateUsers (20090813235737)
Migrating to ActsAsTaggableMigration (20090817120642)
Migrating to CreateTopquotes (20090818001533)
  [1m[35mSQL (0.2ms)[0m  select sqlite_version(*)
  [1m[36mSQL (0.3ms)[0m  [1m SELECT name
 FROM sqlite_master
 WHERE type = 'table' AND NOT name = 'sqlite_sequence'
[0m
  [1m[35mSQL (0.2ms)[0m  SELECT "schema_migrations"."version" FROM "schema_migrations"
  [1m[36mSQL (0.2ms)[0m  [1m SELECT name
 FROM sqlite_master
 WHERE type = 'table' AND NOT name = 'sqlite_sequence'
[0m
  [1m[35mSQL (0.1ms)[0m  PRAGMA index_list("comments")
  [1m[36mSQL (0.0ms)[0m  [1mPRAGMA index_list("posts")[0m
  [1m[35mSQL (0.1ms)[0m  PRAGMA index_list("sessions")
  [1m[36mSQL (0.0ms)[0m  [1mPRAGMA index_info('index_sessions_on_updated_at')[0m
  [1m[35mSQL (29.1ms)[0m  PRAGMA index_info('index_sessions_on_session_id')
  [1m[36mSQL (0.1ms)[0m  [1mPRAGMA index_list("taggings")[0m
  [1m[35mSQL (0.1ms)[0m  PRAGMA index_info('index_taggings_on_taggable_id_and_taggable_type')
  [1m[36mSQL (0.0ms)[0m  [1mPRAGMA index_info('index_taggings_on_tag_id')[0m
  [1m[35mSQL (0.0ms)[0m  PRAGMA index_list("tags")
  [1m[36mSQL (0.0ms)[0m  [1mPRAGMA index_list("topquotes")[0m
  [1m[35mSQL (0.0ms)[0m  PRAGMA index_list("users")


Started GET "/posts" for 127.0.0.1 at 2011-03-29 03:20:29 +0200
DEPRECATION WARNING: Setting filter_parameter_logging in ActionController is deprecated and has no longer effect, please set 'config.filter_parameters' in config/application.rb instead. (called from <class:ApplicationController> at /Users/kewagi/Documents/Code/mindgrind/app/controllers/application_controller.rb:12)
  Processing by PostsController#index as HTML
  [1m[36mPost Load (2.2ms)[0m  [1mSELECT "posts".* FROM "posts"[0m
Completed   in 104ms

TypeError (can't convert nil into Array):
  app/controllers/posts_controller.rb:9:in `index'

Rendered /Users/kewagi/.rvm/gems/ruby-1.9.2-p180/gems/actionpack-3.0.5/lib/action_dispatch/middleware/templates/rescues/_trace.erb (1.7ms)
Rendered /Users/kewagi/.rvm/gems/ruby-1.9.2-p180/gems/actionpack-3.0.5/lib/action_dispatch/middleware/templates/rescues/_request_and_response.erb (2.9ms)
Rendered /Users/kewagi/.rvm/gems/ruby-1.9.2-p180/gems/actionpack-3.0.5/lib/action_dispatch/middleware/templates/rescues/diagnostics.erb within rescues/layout (10.8ms)
